<?xml version="1.0" encoding="UTF-8"?>
<!-- Generated by org.testng.reporters.JUnitReportReporter -->
<testsuite skipped="0" hostname="DS-AMER-yTU6aJC" name="TestCases.LoginTest" tests="1" failures="0" timestamp="2022-01-20T00:57:50 CET" time="167.922" errors="0">
  <testcase name="createGroupPoll" time="167.922" classname="TestCases.LoginTest"/>
  <system-out/>
</testsuite> <!-- TestCases.LoginTest -->
